0 info it worked if it ends with ok
1 verbose cli [ 'C:\\Program Files\\nodejs\\node.exe',
1 verbose cli   'C:\\Program Files\\nodejs\\node_modules\\npm\\bin\\npm-cli.js',
1 verbose cli   'run',
1 verbose cli   'devh' ]
2 info using npm@3.10.10
3 info using node@v6.11.2
4 verbose run-script [ 'predevh', 'devh', 'postdevh' ]
5 info lifecycle webpack_demo@1.0.0~predevh: webpack_demo@1.0.0
6 silly lifecycle webpack_demo@1.0.0~predevh: no script for predevh, continuing
7 info lifecycle webpack_demo@1.0.0~devh: webpack_demo@1.0.0
8 verbose lifecycle webpack_demo@1.0.0~devh: unsafe-perm in lifecycle true
9 verbose lifecycle webpack_demo@1.0.0~devh: PATH: C:\Program Files\nodejs\node_modules\npm\bin\node-gyp-bin;E:\project\warning-platform\warning-platform\node_modules\.bin;C:\Program Files (x86)\Common Files\Intel\Shared Libraries\redist\intel64\compiler;C:\Program Files\Broadcom\Broadcom 802.11 Network Adapter;C:\WINDOWS\system32;C:\WINDOWS;C:\WINDOWS\System32\Wbem;C:\WINDOWS\System32\WindowsPowerShell\v1.0\;c:\Program Files (x86)\ATI Technologies\ATI.ACE\Core-Static;C:\Program Files\nodejs\;C:\Program Files (x86)\Git\bin;C:\Program Files\Git\cmd;C:\Program Files\TortoiseGit\bin;C:\Users\suatam\AppData\Local\Microsoft\WindowsApps;C:\Users\suatam\AppData\Roaming\npm;
10 verbose lifecycle webpack_demo@1.0.0~devh: CWD: E:\project\warning-platform\warning-platform
11 silly lifecycle webpack_demo@1.0.0~devh: Args: [ '/d /s /c',
11 silly lifecycle   'node npm-scripts/del-build.script.js && webpack && webpack-dev-server --inline --hot --open' ]
12 silly lifecycle webpack_demo@1.0.0~devh: Returned: code: 2  signal: null
13 info lifecycle webpack_demo@1.0.0~devh: Failed to exec devh script
14 verbose stack Error: webpack_demo@1.0.0 devh: `node npm-scripts/del-build.script.js && webpack && webpack-dev-server --inline --hot --open`
14 verbose stack Exit status 2
14 verbose stack     at EventEmitter.<anonymous> (C:\Program Files\nodejs\node_modules\npm\lib\utils\lifecycle.js:255:16)
14 verbose stack     at emitTwo (events.js:106:13)
14 verbose stack     at EventEmitter.emit (events.js:191:7)
14 verbose stack     at ChildProcess.<anonymous> (C:\Program Files\nodejs\node_modules\npm\lib\utils\spawn.js:40:14)
14 verbose stack     at emitTwo (events.js:106:13)
14 verbose stack     at ChildProcess.emit (events.js:191:7)
14 verbose stack     at maybeClose (internal/child_process.js:891:16)
14 verbose stack     at Process.ChildProcess._handle.onexit (internal/child_process.js:226:5)
15 verbose pkgid webpack_demo@1.0.0
16 verbose cwd E:\project\warning-platform\warning-platform\src
17 error Windows_NT 10.0.15063
18 error argv "C:\\Program Files\\nodejs\\node.exe" "C:\\Program Files\\nodejs\\node_modules\\npm\\bin\\npm-cli.js" "run" "devh"
19 error node v6.11.2
20 error npm  v3.10.10
21 error code ELIFECYCLE
22 error webpack_demo@1.0.0 devh: `node npm-scripts/del-build.script.js && webpack && webpack-dev-server --inline --hot --open`
22 error Exit status 2
23 error Failed at the webpack_demo@1.0.0 devh script 'node npm-scripts/del-build.script.js && webpack && webpack-dev-server --inline --hot --open'.
23 error Make sure you have the latest version of node.js and npm installed.
23 error If you do, this is most likely a problem with the webpack_demo package,
23 error not with npm itself.
23 error Tell the author that this fails on your system:
23 error     node npm-scripts/del-build.script.js && webpack && webpack-dev-server --inline --hot --open
23 error You can get information on how to open an issue for this project with:
23 error     npm bugs webpack_demo
23 error Or if that isn't available, you can get their info via:
23 error     npm owner ls webpack_demo
23 error There is likely additional logging output above.
24 verbose exit [ 1, true ]
